| 2009/09/24 17:29:18 | Indexing started
| 2009/09/24 17:29:18 | Skipping Main topics
| 2009/09/24 17:29:18 | Skipping Sandbox topics
| 2009/09/24 17:29:18 | Skipping System topics
| 2009/09/24 17:29:18 | Skipping TWiki topics
| 2009/09/24 17:29:18 | adding TemporaryIndexTestWebIndex topics
| 2009/09/24 17:29:18 | adding TemporaryIndexUsersWeb topics
| 2009/09/24 17:29:18 | Skipping TestCases topics
| 2009/09/24 17:29:18 | Skipping Trash topics
| 2009/09/24 17:29:18 | Skipping Main topics
| 2009/09/24 17:29:18 | Skipping Sandbox topics
| 2009/09/24 17:29:18 | Skipping System topics
| 2009/09/24 17:29:18 | Skipping TWiki topics
| 2009/09/24 17:29:18 | adding TemporaryIndexTestWebIndex topics
| 2009/09/24 17:29:18 | adding TemporaryIndexUsersWeb topics
| 2009/09/24 17:29:18 | Skipping TestCases topics
| 2009/09/24 17:29:18 | Skipping Trash topics
| 2009/09/24 17:29:18 | Indexing web | TemporaryIndexTestWebIndex
| 2009/09/24 17:29:18 | Indexing topic | TemporaryIndexTestWebIndex.TestTopicIndex
| 2009/09/24 17:29:18 | Indexing topic | TemporaryIndexTestWebIndex.TopicWithSpecialFile
| 2009/09/24 17:29:18 | Attachments available for: TemporaryIndexTestWebIndex, TopicWithSpecialFile
| 2009/09/24 17:29:18 | Indexing attachment | TemporaryIndexTestWebIndex.TopicWithSpecialFile | Simple_example.doc
| 2009/09/24 17:29:18 | Indexing topic | TemporaryIndexTestWebIndex.WebPreferences
| 2009/09/24 17:29:18 | TemporaryIndexTestWebIndex .kinoupdate saved
| 2009/09/24 17:29:18 | Indexing web | TemporaryIndexUsersWeb
| 2009/09/24 17:29:18 | Indexing topic | TemporaryIndexUsersWeb.ScumBag
| 2009/09/24 17:29:18 | Indexing topic | TemporaryIndexUsersWeb.WebPreferences
| 2009/09/24 17:29:18 | Indexing topic | TemporaryIndexUsersWeb.WikiUsers
| 2009/09/24 17:29:18 | TemporaryIndexUsersWeb .kinoupdate saved
| 2009/09/24 17:29:18 | Indexing finished
| 2009/09/24 17:29:19 | Indexing started
| 2009/09/24 17:29:19 | Skipping Main topics
| 2009/09/24 17:29:19 | Skipping Sandbox topics
| 2009/09/24 17:29:19 | Skipping System topics
| 2009/09/24 17:29:19 | Skipping TWiki topics
| 2009/09/24 17:29:19 | adding TemporaryIndexTestWebIndex topics
| 2009/09/24 17:29:19 | adding TemporaryIndexUsersWeb topics
| 2009/09/24 17:29:19 | Skipping TestCases topics
| 2009/09/24 17:29:19 | Skipping Trash topics
| 2009/09/24 17:29:19 | Skipping Main topics
| 2009/09/24 17:29:19 | Skipping Sandbox topics
| 2009/09/24 17:29:19 | Skipping System topics
| 2009/09/24 17:29:19 | Skipping TWiki topics
| 2009/09/24 17:29:19 | adding TemporaryIndexTestWebIndex topics
| 2009/09/24 17:29:19 | adding TemporaryIndexUsersWeb topics
| 2009/09/24 17:29:19 | Skipping TestCases topics
| 2009/09/24 17:29:19 | Skipping Trash topics
| 2009/09/24 17:29:19 | Indexing web | TemporaryIndexTestWebIndex
| 2009/09/24 17:29:19 | Indexing topic | TemporaryIndexTestWebIndex.TestTopicIndex
| 2009/09/24 17:29:19 | Indexing topic | TemporaryIndexTestWebIndex.TopicWithSpecialFile
| 2009/09/24 17:29:19 | Attachments available for: TemporaryIndexTestWebIndex, TopicWithSpecialFile
| 2009/09/24 17:29:19 | Indexing attachment | TemporaryIndexTestWebIndex.TopicWithSpecialFile | Simple_example.pdf
| 2009/09/24 17:29:19 | Indexing topic | TemporaryIndexTestWebIndex.WebPreferences
| 2009/09/24 17:29:19 | TemporaryIndexTestWebIndex .kinoupdate saved
| 2009/09/24 17:29:19 | Indexing web | TemporaryIndexUsersWeb
| 2009/09/24 17:29:19 | Indexing topic | TemporaryIndexUsersWeb.ScumBag
| 2009/09/24 17:29:19 | Indexing topic | TemporaryIndexUsersWeb.WebPreferences
| 2009/09/24 17:29:19 | Indexing topic | TemporaryIndexUsersWeb.WikiUsers
| 2009/09/24 17:29:19 | TemporaryIndexUsersWeb .kinoupdate saved
| 2009/09/24 17:29:19 | Indexing finished
| 2009/09/24 17:29:19 | Indexing started
| 2009/09/24 17:29:19 | Skipping Main topics
| 2009/09/24 17:29:19 | Skipping Sandbox topics
| 2009/09/24 17:29:19 | Skipping System topics
| 2009/09/24 17:29:19 | Skipping TWiki topics
| 2009/09/24 17:29:19 | adding TemporaryIndexTestWebIndex topics
| 2009/09/24 17:29:19 | adding TemporaryIndexUsersWeb topics
| 2009/09/24 17:29:19 | Skipping TestCases topics
| 2009/09/24 17:29:19 | Skipping Trash topics
| 2009/09/24 17:29:19 | Skipping Main topics
| 2009/09/24 17:29:19 | Skipping Sandbox topics
| 2009/09/24 17:29:19 | Skipping System topics
| 2009/09/24 17:29:19 | Skipping TWiki topics
| 2009/09/24 17:29:19 | adding TemporaryIndexTestWebIndex topics
| 2009/09/24 17:29:19 | adding TemporaryIndexUsersWeb topics
| 2009/09/24 17:29:19 | Skipping TestCases topics
| 2009/09/24 17:29:19 | Skipping Trash topics
| 2009/09/24 17:29:19 | Indexing web | TemporaryIndexTestWebIndex
| 2009/09/24 17:29:19 | Indexing topic | TemporaryIndexTestWebIndex.TestTopicIndex
| 2009/09/24 17:29:19 | Indexing topic | TemporaryIndexTestWebIndex.TopicWithSpecialFile
| 2009/09/24 17:29:19 | Attachments available for: TemporaryIndexTestWebIndex, TopicWithSpecialFile
| 2009/09/24 17:29:19 | Indexing attachment | TemporaryIndexTestWebIndex.TopicWithSpecialFile | Simple_example.pdf
| 2009/09/24 17:29:19 | Indexing topic | TemporaryIndexTestWebIndex.WebPreferences
| 2009/09/24 17:29:19 | TemporaryIndexTestWebIndex .kinoupdate saved
| 2009/09/24 17:29:19 | Indexing web | TemporaryIndexUsersWeb
| 2009/09/24 17:29:19 | Indexing topic | TemporaryIndexUsersWeb.ScumBag
| 2009/09/24 17:29:19 | Indexing topic | TemporaryIndexUsersWeb.WebPreferences
| 2009/09/24 17:29:19 | Indexing topic | TemporaryIndexUsersWeb.WikiUsers
| 2009/09/24 17:29:19 | TemporaryIndexUsersWeb .kinoupdate saved
| 2009/09/24 17:29:19 | Indexing finished
| 2009/09/24 17:29:20 | Indexing started
| 2009/09/24 17:29:20 | Skipping Main topics
| 2009/09/24 17:29:20 | Skipping Sandbox topics
| 2009/09/24 17:29:20 | Skipping System topics
| 2009/09/24 17:29:20 | Skipping TWiki topics
| 2009/09/24 17:29:20 | adding TemporaryIndexTestWebIndex topics
| 2009/09/24 17:29:20 | adding TemporaryIndexUsersWeb topics
| 2009/09/24 17:29:20 | Skipping TestCases topics
| 2009/09/24 17:29:20 | Skipping Trash topics
| 2009/09/24 17:29:20 | Skipping Main topics
| 2009/09/24 17:29:20 | Skipping Sandbox topics
| 2009/09/24 17:29:20 | Skipping System topics
| 2009/09/24 17:29:20 | Skipping TWiki topics
| 2009/09/24 17:29:20 | adding TemporaryIndexTestWebIndex topics
| 2009/09/24 17:29:20 | adding TemporaryIndexUsersWeb topics
| 2009/09/24 17:29:20 | Skipping TestCases topics
| 2009/09/24 17:29:20 | Skipping Trash topics
| 2009/09/24 17:29:20 | Indexing web | TemporaryIndexTestWebIndex
| 2009/09/24 17:29:20 | Indexing topic | TemporaryIndexTestWebIndex.TestTopicIndex
| 2009/09/24 17:29:20 | Indexing topic | TemporaryIndexTestWebIndex.TopicWithSpecialFile
| 2009/09/24 17:29:20 | Attachments available for: TemporaryIndexTestWebIndex, TopicWithSpecialFile
| 2009/09/24 17:29:20 | Indexing attachment | TemporaryIndexTestWebIndex.TopicWithSpecialFile | Simple_example.ppt
| 2009/09/24 17:29:20 | Indexing topic | TemporaryIndexTestWebIndex.WebPreferences
| 2009/09/24 17:29:20 | TemporaryIndexTestWebIndex .kinoupdate saved
| 2009/09/24 17:29:20 | Indexing web | TemporaryIndexUsersWeb
| 2009/09/24 17:29:20 | Indexing topic | TemporaryIndexUsersWeb.ScumBag
| 2009/09/24 17:29:20 | Indexing topic | TemporaryIndexUsersWeb.WebPreferences
| 2009/09/24 17:29:20 | Indexing topic | TemporaryIndexUsersWeb.WikiUsers
| 2009/09/24 17:29:20 | TemporaryIndexUsersWeb .kinoupdate saved
| 2009/09/24 17:29:20 | Indexing finished
| 2009/09/24 17:29:20 | Indexing started
| 2009/09/24 17:29:20 | Skipping Main topics
| 2009/09/24 17:29:20 | Skipping Sandbox topics
| 2009/09/24 17:29:20 | Skipping System topics
| 2009/09/24 17:29:20 | Skipping TWiki topics
| 2009/09/24 17:29:20 | adding TemporaryIndexTestWebIndex topics
| 2009/09/24 17:29:20 | adding TemporaryIndexUsersWeb topics
| 2009/09/24 17:29:20 | Skipping TestCases topics
| 2009/09/24 17:29:20 | Skipping Trash topics
| 2009/09/24 17:29:20 | Skipping Main topics
| 2009/09/24 17:29:20 | Skipping Sandbox topics
| 2009/09/24 17:29:20 | Skipping System topics
| 2009/09/24 17:29:20 | Skipping TWiki topics
| 2009/09/24 17:29:20 | adding TemporaryIndexTestWebIndex topics
| 2009/09/24 17:29:20 | adding TemporaryIndexUsersWeb topics
| 2009/09/24 17:29:20 | Skipping TestCases topics
| 2009/09/24 17:29:20 | Skipping Trash topics
| 2009/09/24 17:29:20 | Indexing web | TemporaryIndexTestWebIndex
| 2009/09/24 17:29:20 | Indexing topic | TemporaryIndexTestWebIndex.TestTopicIndex
| 2009/09/24 17:29:20 | Indexing topic | TemporaryIndexTestWebIndex.TopicWithWordAttachment
| 2009/09/24 17:29:20 | Attachments available for: TemporaryIndexTestWebIndex, TopicWithWordAttachment
| 2009/09/24 17:29:20 | Indexing attachment | TemporaryIndexTestWebIndex.TopicWithWordAttachment | Simple_example.doc
| 2009/09/24 17:29:20 | Indexing topic | TemporaryIndexTestWebIndex.TopicWithoutAttachment
| 2009/09/24 17:29:20 | Indexing topic | TemporaryIndexTestWebIndex.WebPreferences
| 2009/09/24 17:29:20 | TemporaryIndexTestWebIndex .kinoupdate saved
| 2009/09/24 17:29:20 | Indexing web | TemporaryIndexUsersWeb
| 2009/09/24 17:29:20 | Indexing topic | TemporaryIndexUsersWeb.ScumBag
| 2009/09/24 17:29:20 | Indexing topic | TemporaryIndexUsersWeb.WebPreferences
| 2009/09/24 17:29:20 | Indexing topic | TemporaryIndexUsersWeb.WikiUsers
| 2009/09/24 17:29:20 | TemporaryIndexUsersWeb .kinoupdate saved
| 2009/09/24 17:29:20 | Indexing finished
| 2009/09/24 17:29:21 | Skipping Main topics
| 2009/09/24 17:29:21 | Skipping Sandbox topics
| 2009/09/24 17:29:21 | Skipping System topics
| 2009/09/24 17:29:21 | Skipping TWiki topics
| 2009/09/24 17:29:21 | adding TemporaryIndexTestWebIndex topics
| 2009/09/24 17:29:21 | adding TemporaryIndexUsersWeb topics
| 2009/09/24 17:29:21 | Skipping TestCases topics
| 2009/09/24 17:29:21 | Skipping Trash topics
| 2009/09/24 17:29:21 | Indexing started
| 2009/09/24 17:29:21 | Skipping Main topics
| 2009/09/24 17:29:21 | Skipping Sandbox topics
| 2009/09/24 17:29:21 | Skipping System topics
| 2009/09/24 17:29:21 | Skipping TWiki topics
| 2009/09/24 17:29:21 | adding TemporaryIndexTestWebIndex topics
| 2009/09/24 17:29:21 | adding TemporaryIndexUsersWeb topics
| 2009/09/24 17:29:21 | Skipping TestCases topics
| 2009/09/24 17:29:21 | Skipping Trash topics
| 2009/09/24 17:29:21 | Skipping Main topics
| 2009/09/24 17:29:21 | Skipping Sandbox topics
| 2009/09/24 17:29:21 | Skipping System topics
| 2009/09/24 17:29:21 | Skipping TWiki topics
| 2009/09/24 17:29:21 | adding TemporaryIndexTestWebIndex topics
| 2009/09/24 17:29:21 | adding TemporaryIndexUsersWeb topics
| 2009/09/24 17:29:21 | Skipping TestCases topics
| 2009/09/24 17:29:21 | Skipping Trash topics
| 2009/09/24 17:29:21 | Indexing web | TemporaryIndexTestWebIndex
| 2009/09/24 17:29:21 | Indexing topic | TemporaryIndexTestWebIndex.TestTopicIndex
| 2009/09/24 17:29:21 | Indexing topic | TemporaryIndexTestWebIndex.WebPreferences
| 2009/09/24 17:29:21 | TemporaryIndexTestWebIndex .kinoupdate saved
| 2009/09/24 17:29:21 | Indexing web | TemporaryIndexUsersWeb
| 2009/09/24 17:29:21 | Indexing topic | TemporaryIndexUsersWeb.ScumBag
| 2009/09/24 17:29:21 | Indexing topic | TemporaryIndexUsersWeb.WebPreferences
| 2009/09/24 17:29:21 | Indexing topic | TemporaryIndexUsersWeb.WikiUsers
| 2009/09/24 17:29:21 | TemporaryIndexUsersWeb .kinoupdate saved
| 2009/09/24 17:29:21 | Indexing finished
| 2009/09/24 17:29:21 | Skipping Main topics
| 2009/09/24 17:29:21 | Skipping Sandbox topics
| 2009/09/24 17:29:21 | Skipping System topics
| 2009/09/24 17:29:21 | Skipping TWiki topics
| 2009/09/24 17:29:21 | adding TemporaryIndexTestWebIndex topics
| 2009/09/24 17:29:21 | adding TemporaryIndexUsersWeb topics
| 2009/09/24 17:29:21 | Skipping TestCases topics
| 2009/09/24 17:29:21 | Skipping Trash topics
| 2009/09/24 17:29:21 | Attachments available for: TemporaryIndexTestWebIndex, TopicWithExcelAttachment
| 2009/09/24 17:29:21 | Indexing attachment | TemporaryIndexTestWebIndex.TopicWithExcelAttachment | Simple_example.xls
| 2009/09/24 17:29:21 | Indexing started
| 2009/09/24 17:29:21 | Skipping Main topics
| 2009/09/24 17:29:21 | Skipping Sandbox topics
| 2009/09/24 17:29:21 | Skipping System topics
| 2009/09/24 17:29:21 | Skipping TWiki topics
| 2009/09/24 17:29:21 | adding TemporaryIndexTestWebIndex topics
| 2009/09/24 17:29:21 | adding TemporaryIndexUsersWeb topics
| 2009/09/24 17:29:21 | Skipping TestCases topics
| 2009/09/24 17:29:21 | Skipping Trash topics
| 2009/09/24 17:29:21 | Skipping Main topics
| 2009/09/24 17:29:21 | Skipping Sandbox topics
| 2009/09/24 17:29:21 | Skipping System topics
| 2009/09/24 17:29:21 | Skipping TWiki topics
| 2009/09/24 17:29:21 | adding TemporaryIndexTestWebIndex topics
| 2009/09/24 17:29:21 | adding TemporaryIndexUsersWeb topics
| 2009/09/24 17:29:21 | Skipping TestCases topics
| 2009/09/24 17:29:21 | Skipping Trash topics
| 2009/09/24 17:29:21 | Indexing web | TemporaryIndexTestWebIndex
| 2009/09/24 17:29:21 | Indexing topic | TemporaryIndexTestWebIndex.TestTopicIndex
| 2009/09/24 17:29:21 | Indexing topic | TemporaryIndexTestWebIndex.TopicWithSpecialFile
| 2009/09/24 17:29:21 | Attachments available for: TemporaryIndexTestWebIndex, TopicWithSpecialFile
| 2009/09/24 17:29:21 | Indexing attachment | TemporaryIndexTestWebIndex.TopicWithSpecialFile | Simple_example.txt
| 2009/09/24 17:29:21 | Indexing topic | TemporaryIndexTestWebIndex.WebPreferences
| 2009/09/24 17:29:21 | TemporaryIndexTestWebIndex .kinoupdate saved
| 2009/09/24 17:29:21 | Indexing web | TemporaryIndexUsersWeb
| 2009/09/24 17:29:21 | Indexing topic | TemporaryIndexUsersWeb.ScumBag
| 2009/09/24 17:29:21 | Indexing topic | TemporaryIndexUsersWeb.WebPreferences
| 2009/09/24 17:29:21 | Indexing topic | TemporaryIndexUsersWeb.WikiUsers
| 2009/09/24 17:29:21 | TemporaryIndexUsersWeb .kinoupdate saved
| 2009/09/24 17:29:21 | Indexing finished
| 2009/09/24 17:29:22 | Indexing started
| 2009/09/24 17:29:22 | Skipping Main topics
| 2009/09/24 17:29:22 | Skipping Sandbox topics
| 2009/09/24 17:29:22 | Skipping System topics
| 2009/09/24 17:29:22 | Skipping TWiki topics
| 2009/09/24 17:29:22 | adding TemporaryIndexTestWebIndex topics
| 2009/09/24 17:29:22 | adding TemporaryIndexUsersWeb topics
| 2009/09/24 17:29:22 | Skipping TestCases topics
| 2009/09/24 17:29:22 | Skipping Trash topics
| 2009/09/24 17:29:22 | Skipping Main topics
| 2009/09/24 17:29:22 | Skipping Sandbox topics
| 2009/09/24 17:29:22 | Skipping System topics
| 2009/09/24 17:29:22 | Skipping TWiki topics
| 2009/09/24 17:29:22 | adding TemporaryIndexTestWebIndex topics
| 2009/09/24 17:29:22 | adding TemporaryIndexUsersWeb topics
| 2009/09/24 17:29:22 | Skipping TestCases topics
| 2009/09/24 17:29:22 | Skipping Trash topics
| 2009/09/24 17:29:22 | Indexing web | TemporaryIndexTestWebIndex
| 2009/09/24 17:29:22 | Indexing topic | TemporaryIndexTestWebIndex.TestTopicIndex
| 2009/09/24 17:29:22 | Indexing topic | TemporaryIndexTestWebIndex.TopicWithSpecialFile
| 2009/09/24 17:29:22 | Attachments available for: TemporaryIndexTestWebIndex, TopicWithSpecialFile
| 2009/09/24 17:29:22 | Indexing attachment | TemporaryIndexTestWebIndex.TopicWithSpecialFile | Simple_example.xls
| 2009/09/24 17:29:22 | Indexing topic | TemporaryIndexTestWebIndex.WebPreferences
| 2009/09/24 17:29:22 | TemporaryIndexTestWebIndex .kinoupdate saved
| 2009/09/24 17:29:22 | Indexing web | TemporaryIndexUsersWeb
| 2009/09/24 17:29:22 | Indexing topic | TemporaryIndexUsersWeb.ScumBag
| 2009/09/24 17:29:22 | Indexing topic | TemporaryIndexUsersWeb.WebPreferences
| 2009/09/24 17:29:22 | Indexing topic | TemporaryIndexUsersWeb.WikiUsers
| 2009/09/24 17:29:22 | TemporaryIndexUsersWeb .kinoupdate saved
| 2009/09/24 17:29:22 | Indexing finished
| 2009/09/24 17:29:22 | Indexing started
| 2009/09/24 17:29:22 | Skipping Main topics
| 2009/09/24 17:29:22 | Skipping Sandbox topics
| 2009/09/24 17:29:22 | Skipping System topics
| 2009/09/24 17:29:22 | Skipping TWiki topics
| 2009/09/24 17:29:22 | adding TemporaryIndexTestWebIndex topics
| 2009/09/24 17:29:22 | adding TemporaryIndexUsersWeb topics
| 2009/09/24 17:29:22 | Skipping TestCases topics
| 2009/09/24 17:29:22 | Skipping Trash topics
| 2009/09/24 17:29:22 | Skipping Main topics
| 2009/09/24 17:29:22 | Skipping Sandbox topics
| 2009/09/24 17:29:22 | Skipping System topics
| 2009/09/24 17:29:22 | Skipping TWiki topics
| 2009/09/24 17:29:22 | adding TemporaryIndexTestWebIndex topics
| 2009/09/24 17:29:22 | adding TemporaryIndexUsersWeb topics
| 2009/09/24 17:29:22 | Skipping TestCases topics
| 2009/09/24 17:29:22 | Skipping Trash topics
| 2009/09/24 17:29:22 | Indexing web | TemporaryIndexTestWebIndex
| 2009/09/24 17:29:22 | Indexing topic | TemporaryIndexTestWebIndex.TestTopicIndex
| 2009/09/24 17:29:22 | Indexing topic | TemporaryIndexTestWebIndex.TopicWithSpecialFile
| 2009/09/24 17:29:22 | Attachments available for: TemporaryIndexTestWebIndex, TopicWithSpecialFile
| 2009/09/24 17:29:22 | Indexing attachment | TemporaryIndexTestWebIndex.TopicWithSpecialFile | Simple_example.xls
| 2009/09/24 17:29:22 | Indexing attachment | TemporaryIndexTestWebIndex.TopicWithSpecialFile | Portuguese_example.xls
| 2009/09/24 17:29:22 | Indexing topic | TemporaryIndexTestWebIndex.WebPreferences
| 2009/09/24 17:29:22 | TemporaryIndexTestWebIndex .kinoupdate saved
| 2009/09/24 17:29:22 | Indexing web | TemporaryIndexUsersWeb
| 2009/09/24 17:29:22 | Indexing topic | TemporaryIndexUsersWeb.ScumBag
| 2009/09/24 17:29:22 | Indexing topic | TemporaryIndexUsersWeb.WebPreferences
| 2009/09/24 17:29:22 | Indexing topic | TemporaryIndexUsersWeb.WikiUsers
| 2009/09/24 17:29:22 | TemporaryIndexUsersWeb .kinoupdate saved
| 2009/09/24 17:29:22 | Indexing finished
| 2009/09/24 17:29:23 | Indexing started
| 2009/09/24 17:29:23 | Skipping Main topics
| 2009/09/24 17:29:23 | Skipping Sandbox topics
| 2009/09/24 17:29:23 | Skipping System topics
| 2009/09/24 17:29:23 | Skipping TWiki topics
| 2009/09/24 17:29:23 | adding TemporaryIndexTestWebIndex topics
| 2009/09/24 17:29:23 | adding TemporaryIndexUsersWeb topics
| 2009/09/24 17:29:23 | Skipping TestCases topics
| 2009/09/24 17:29:23 | Skipping Trash topics
| 2009/09/24 17:29:23 | Skipping Main topics
| 2009/09/24 17:29:23 | Skipping Sandbox topics
| 2009/09/24 17:29:23 | Skipping System topics
| 2009/09/24 17:29:23 | Skipping TWiki topics
| 2009/09/24 17:29:23 | adding TemporaryIndexTestWebIndex topics
| 2009/09/24 17:29:23 | adding TemporaryIndexUsersWeb topics
| 2009/09/24 17:29:23 | Skipping TestCases topics
| 2009/09/24 17:29:23 | Skipping Trash topics
| 2009/09/24 17:29:23 | Indexing web | TemporaryIndexTestWebIndex
| 2009/09/24 17:29:23 | Indexing topic | TemporaryIndexTestWebIndex.TestTopicIndex
| 2009/09/24 17:29:23 | Indexing topic | TemporaryIndexTestWebIndex.TopicWithSpecialFile
| 2009/09/24 17:29:23 | Attachments available for: TemporaryIndexTestWebIndex, TopicWithSpecialFile
| 2009/09/24 17:29:23 | Indexing attachment | TemporaryIndexTestWebIndex.TopicWithSpecialFile | Simple_example.html
| 2009/09/24 17:29:23 | Indexing topic | TemporaryIndexTestWebIndex.WebPreferences
| 2009/09/24 17:29:23 | TemporaryIndexTestWebIndex .kinoupdate saved
| 2009/09/24 17:29:23 | Indexing web | TemporaryIndexUsersWeb
| 2009/09/24 17:29:23 | Indexing topic | TemporaryIndexUsersWeb.ScumBag
| 2009/09/24 17:29:23 | Indexing topic | TemporaryIndexUsersWeb.WebPreferences
| 2009/09/24 17:29:23 | Indexing topic | TemporaryIndexUsersWeb.WikiUsers
| 2009/09/24 17:29:23 | TemporaryIndexUsersWeb .kinoupdate saved
| 2009/09/24 17:29:23 | Indexing finished
| 2009/09/24 17:29:23 | Skipping Main topics
| 2009/09/24 17:29:23 | Skipping Sandbox topics
| 2009/09/24 17:29:23 | Skipping System topics
| 2009/09/24 17:29:23 | Skipping TWiki topics
| 2009/09/24 17:29:23 | adding TemporaryIndexTestWebIndex topics
| 2009/09/24 17:29:23 | adding TemporaryIndexUsersWeb topics
| 2009/09/24 17:29:23 | Skipping TestCases topics
| 2009/09/24 17:29:23 | Skipping Trash topics
| 2009/09/24 17:29:24 | Indexing started
| 2009/09/24 17:29:24 | Skipping Main topics
| 2009/09/24 17:29:24 | Skipping Sandbox topics
| 2009/09/24 17:29:24 | Skipping System topics
| 2009/09/24 17:29:24 | Skipping TWiki topics
| 2009/09/24 17:29:24 | adding TemporaryIndexTestWebIndex topics
| 2009/09/24 17:29:24 | adding TemporaryIndexUsersWeb topics
| 2009/09/24 17:29:24 | Skipping TestCases topics
| 2009/09/24 17:29:24 | Skipping Trash topics
| 2009/09/24 17:29:24 | Skipping Main topics
| 2009/09/24 17:29:24 | Skipping Sandbox topics
| 2009/09/24 17:29:24 | Skipping System topics
| 2009/09/24 17:29:24 | Skipping TWiki topics
| 2009/09/24 17:29:24 | adding TemporaryIndexTestWebIndex topics
| 2009/09/24 17:29:24 | adding TemporaryIndexUsersWeb topics
| 2009/09/24 17:29:24 | Skipping TestCases topics
| 2009/09/24 17:29:24 | Skipping Trash topics
| 2009/09/24 17:29:24 | Indexing web | TemporaryIndexTestWebIndex
| 2009/09/24 17:29:24 | Indexing topic | TemporaryIndexTestWebIndex.TestTopicIndex
| 2009/09/24 17:29:24 | Indexing topic | TemporaryIndexTestWebIndex.TopicWithoutAttachment
| 2009/09/24 17:29:24 | Indexing topic | TemporaryIndexTestWebIndex.WebPreferences
| 2009/09/24 17:29:24 | TemporaryIndexTestWebIndex .kinoupdate saved
| 2009/09/24 17:29:24 | Indexing web | TemporaryIndexUsersWeb
| 2009/09/24 17:29:24 | Indexing topic | TemporaryIndexUsersWeb.ScumBag
| 2009/09/24 17:29:24 | Indexing topic | TemporaryIndexUsersWeb.WebPreferences
| 2009/09/24 17:29:24 | Indexing topic | TemporaryIndexUsersWeb.WikiUsers
| 2009/09/24 17:29:24 | TemporaryIndexUsersWeb .kinoupdate saved
| 2009/09/24 17:29:24 | Indexing finished
| 2009/09/24 17:29:24 | Removing old topics from index
| 2009/09/24 17:29:24 | Remove Topic TopicWithoutAttachment
| 2009/09/24 17:29:24 | Old topics removed succesfully
| 2009/09/24 17:29:24 | Indexing started
| 2009/09/24 17:29:24 | Skipping Main topics
| 2009/09/24 17:29:24 | Skipping Sandbox topics
| 2009/09/24 17:29:24 | Skipping System topics
| 2009/09/24 17:29:24 | Skipping TWiki topics
| 2009/09/24 17:29:24 | adding TemporaryIndexTestWebIndex topics
| 2009/09/24 17:29:24 | adding TemporaryIndexUsersWeb topics
| 2009/09/24 17:29:24 | Skipping TestCases topics
| 2009/09/24 17:29:24 | Skipping Trash topics
| 2009/09/24 17:29:25 | Skipping Main topics
| 2009/09/24 17:29:25 | Skipping Sandbox topics
| 2009/09/24 17:29:25 | Skipping System topics
| 2009/09/24 17:29:25 | Skipping TWiki topics
| 2009/09/24 17:29:25 | adding TemporaryIndexTestWebIndex topics
| 2009/09/24 17:29:25 | adding TemporaryIndexUsersWeb topics
| 2009/09/24 17:29:25 | Skipping TestCases topics
| 2009/09/24 17:29:25 | Skipping Trash topics
| 2009/09/24 17:29:25 | Indexing web | TemporaryIndexTestWebIndex
| 2009/09/24 17:29:25 | Indexing topic | TemporaryIndexTestWebIndex.TestForm
| 2009/09/24 17:29:25 | Indexing topic | TemporaryIndexTestWebIndex.TestTopicIndex
| 2009/09/24 17:29:25 | Indexing topic | TemporaryIndexTestWebIndex.TopicWithWordAttachment
| 2009/09/24 17:29:25 | Attachments available for: TemporaryIndexTestWebIndex, TopicWithWordAttachment
| 2009/09/24 17:29:25 | Indexing attachment | TemporaryIndexTestWebIndex.TopicWithWordAttachment | Simple_example.doc
| 2009/09/24 17:29:25 | Indexing topic | TemporaryIndexTestWebIndex.TopicWithoutAttachment
| 2009/09/24 17:29:25 | Indexing topic | TemporaryIndexTestWebIndex.WebPreferences
| 2009/09/24 17:29:25 | TemporaryIndexTestWebIndex .kinoupdate saved
| 2009/09/24 17:29:25 | Indexing web | TemporaryIndexUsersWeb
| 2009/09/24 17:29:25 | Indexing topic | TemporaryIndexUsersWeb.ScumBag
| 2009/09/24 17:29:25 | Indexing topic | TemporaryIndexUsersWeb.WebPreferences
| 2009/09/24 17:29:25 | Indexing topic | TemporaryIndexUsersWeb.WikiUsers
| 2009/09/24 17:29:25 | TemporaryIndexUsersWeb .kinoupdate saved
| 2009/09/24 17:29:25 | Indexing finished
| 2009/09/24 17:29:27 | Indexing started
| 2009/09/24 17:29:27 | Skipping Main topics
| 2009/09/24 17:29:27 | Skipping Sandbox topics
| 2009/09/24 17:29:27 | Skipping System topics
| 2009/09/24 17:29:27 | Skipping TWiki topics
| 2009/09/24 17:29:27 | adding TemporaryIndexTestWebIndex topics
| 2009/09/24 17:29:27 | adding TemporaryIndexUsersWeb topics
| 2009/09/24 17:29:27 | Skipping TestCases topics
| 2009/09/24 17:29:27 | Skipping Trash topics
| 2009/09/24 17:29:27 | Skipping Main topics
| 2009/09/24 17:29:27 | Skipping Sandbox topics
| 2009/09/24 17:29:27 | Skipping System topics
| 2009/09/24 17:29:27 | Skipping TWiki topics
| 2009/09/24 17:29:27 | adding TemporaryIndexTestWebIndex topics
| 2009/09/24 17:29:27 | adding TemporaryIndexUsersWeb topics
| 2009/09/24 17:29:27 | Skipping TestCases topics
| 2009/09/24 17:29:27 | Skipping Trash topics
| 2009/09/24 17:29:27 | Indexing web | TemporaryIndexTestWebIndex
| 2009/09/24 17:29:27 | Indexing topic | TemporaryIndexTestWebIndex.TestTopicIndex
| 2009/09/24 17:29:27 | Indexing topic | TemporaryIndexTestWebIndex.WebPreferences
| 2009/09/24 17:29:27 | TemporaryIndexTestWebIndex .kinoupdate saved
| 2009/09/24 17:29:27 | Indexing web | TemporaryIndexUsersWeb
| 2009/09/24 17:29:27 | Indexing topic | TemporaryIndexUsersWeb.ScumBag
| 2009/09/24 17:29:27 | Indexing topic | TemporaryIndexUsersWeb.WebPreferences
| 2009/09/24 17:29:27 | Indexing topic | TemporaryIndexUsersWeb.WikiUsers
| 2009/09/24 17:29:27 | TemporaryIndexUsersWeb .kinoupdate saved
| 2009/09/24 17:29:27 | Indexing finished
| 2009/09/24 17:29:27 | Skipping Main topics
| 2009/09/24 17:29:27 | Skipping Sandbox topics
| 2009/09/24 17:29:27 | Skipping System topics
| 2009/09/24 17:29:27 | Skipping TWiki topics
| 2009/09/24 17:29:27 | adding TemporaryIndexTestWebIndex topics
| 2009/09/24 17:29:27 | adding TemporaryIndexUsersWeb topics
| 2009/09/24 17:29:27 | Skipping TestCases topics
| 2009/09/24 17:29:27 | Skipping Trash topics
| 2009/09/24 17:29:28 | Indexing started
| 2009/09/24 17:29:28 | Skipping Main topics
| 2009/09/24 17:29:28 | Skipping Sandbox topics
| 2009/09/24 17:29:28 | Skipping System topics
| 2009/09/24 17:29:28 | Skipping TWiki topics
| 2009/09/24 17:29:28 | adding TemporaryIndexTestWebIndex topics
| 2009/09/24 17:29:28 | adding TemporaryIndexUsersWeb topics
| 2009/09/24 17:29:28 | Skipping TestCases topics
| 2009/09/24 17:29:28 | Skipping Trash topics
| 2009/09/24 17:29:28 | Skipping Main topics
| 2009/09/24 17:29:28 | Skipping Sandbox topics
| 2009/09/24 17:29:28 | Skipping System topics
| 2009/09/24 17:29:28 | Skipping TWiki topics
| 2009/09/24 17:29:28 | adding TemporaryIndexTestWebIndex topics
| 2009/09/24 17:29:28 | adding TemporaryIndexUsersWeb topics
| 2009/09/24 17:29:28 | Skipping TestCases topics
| 2009/09/24 17:29:28 | Skipping Trash topics
| 2009/09/24 17:29:28 | Indexing web | TemporaryIndexTestWebIndex
| 2009/09/24 17:29:28 | Indexing topic | TemporaryIndexTestWebIndex.TestTopicIndex
| 2009/09/24 17:29:28 | Indexing topic | TemporaryIndexTestWebIndex.WebPreferences
| 2009/09/24 17:29:28 | TemporaryIndexTestWebIndex .kinoupdate saved
| 2009/09/24 17:29:28 | Indexing web | TemporaryIndexUsersWeb
| 2009/09/24 17:29:28 | Indexing topic | TemporaryIndexUsersWeb.ScumBag
| 2009/09/24 17:29:28 | Indexing topic | TemporaryIndexUsersWeb.WebPreferences
| 2009/09/24 17:29:28 | Indexing topic | TemporaryIndexUsersWeb.WikiUsers
| 2009/09/24 17:29:28 | TemporaryIndexUsersWeb .kinoupdate saved
| 2009/09/24 17:29:28 | Indexing finished
| 2009/09/24 17:29:28 | Indexing new/changed topics
| 2009/09/24 17:29:28 | Reindexing topic | TemporaryIndexTestWebIndex.NewTopic
| 2009/09/24 17:29:28 | New/changed topics indexed succesfully
| 2009/09/24 17:29:28 | Indexing started
| 2009/09/24 17:29:28 | Skipping Main topics
| 2009/09/24 17:29:28 | Skipping Sandbox topics
| 2009/09/24 17:29:28 | Skipping System topics
| 2009/09/24 17:29:28 | Skipping TWiki topics
| 2009/09/24 17:29:28 | adding TemporarySearchTestWebSearch topics
| 2009/09/24 17:29:28 | adding TemporarySearchUsersWeb topics
| 2009/09/24 17:29:28 | Skipping TestCases topics
| 2009/09/24 17:29:28 | Skipping Trash topics
| 2009/09/24 17:29:29 | Skipping Main topics
| 2009/09/24 17:29:29 | Skipping Sandbox topics
| 2009/09/24 17:29:29 | Skipping System topics
| 2009/09/24 17:29:29 | Skipping TWiki topics
| 2009/09/24 17:29:29 | adding TemporarySearchTestWebSearch topics
| 2009/09/24 17:29:29 | adding TemporarySearchUsersWeb topics
| 2009/09/24 17:29:29 | Skipping TestCases topics
| 2009/09/24 17:29:29 | Skipping Trash topics
| 2009/09/24 17:29:29 | Indexing web | TemporarySearchTestWebSearch
| 2009/09/24 17:29:29 | Indexing topic | TemporarySearchTestWebSearch.TestTopicSearch
| 2009/09/24 17:29:29 | Indexing topic | TemporarySearchTestWebSearch.TopicWithWordAttachment
| 2009/09/24 17:29:29 | Attachments available for: TemporarySearchTestWebSearch, TopicWithWordAttachment
| 2009/09/24 17:29:29 | Indexing attachment | TemporarySearchTestWebSearch.TopicWithWordAttachment | Simple_example.doc
| 2009/09/24 17:29:29 | Indexing topic | TemporarySearchTestWebSearch.TopicWithoutAttachment
| 2009/09/24 17:29:29 | Indexing topic | TemporarySearchTestWebSearch.WebPreferences
| 2009/09/24 17:29:29 | TemporarySearchTestWebSearch .kinoupdate saved
| 2009/09/24 17:29:29 | Indexing web | TemporarySearchUsersWeb
| 2009/09/24 17:29:29 | Indexing topic | TemporarySearchUsersWeb.ScumBag
| 2009/09/24 17:29:29 | Indexing topic | TemporarySearchUsersWeb.UserTestUser
| 2009/09/24 17:29:29 | Indexing topic | TemporarySearchUsersWeb.WebPreferences
| 2009/09/24 17:29:29 | Indexing topic | TemporarySearchUsersWeb.WikiUsers
| 2009/09/24 17:29:29 | TemporarySearchUsersWeb .kinoupdate saved
| 2009/09/24 17:29:29 | Indexing finished
| 2009/09/24 17:29:29 | Indexing started
| 2009/09/24 17:29:29 | Skipping Main topics
| 2009/09/24 17:29:29 | Skipping Sandbox topics
| 2009/09/24 17:29:29 | Skipping System topics
| 2009/09/24 17:29:29 | Skipping TWiki topics
| 2009/09/24 17:29:29 | adding TemporarySearchTestWebSearch topics
| 2009/09/24 17:29:29 | adding TemporarySearchUsersWeb topics
| 2009/09/24 17:29:29 | Skipping TestCases topics
| 2009/09/24 17:29:29 | Skipping Trash topics
| 2009/09/24 17:29:29 | Skipping Main topics
| 2009/09/24 17:29:29 | Skipping Sandbox topics
| 2009/09/24 17:29:29 | Skipping System topics
| 2009/09/24 17:29:29 | Skipping TWiki topics
| 2009/09/24 17:29:29 | adding TemporarySearchTestWebSearch topics
| 2009/09/24 17:29:29 | adding TemporarySearchUsersWeb topics
| 2009/09/24 17:29:29 | Skipping TestCases topics
| 2009/09/24 17:29:29 | Skipping Trash topics
| 2009/09/24 17:29:29 | Indexing web | TemporarySearchTestWebSearch
| 2009/09/24 17:29:29 | Indexing topic | TemporarySearchTestWebSearch.TestTopicSearch
| 2009/09/24 17:29:29 | Indexing topic | TemporarySearchTestWebSearch.TopicToSearch
| 2009/09/24 17:29:29 | Attachments available for: TemporarySearchTestWebSearch, TopicToSearch
| 2009/09/24 17:29:29 | Indexing attachment | TemporarySearchTestWebSearch.TopicToSearch | Simple_example.html
| 2009/09/24 17:29:29 | Indexing topic | TemporarySearchTestWebSearch.TopicWithWordAttachment
| 2009/09/24 17:29:29 | Attachments available for: TemporarySearchTestWebSearch, TopicWithWordAttachment
| 2009/09/24 17:29:29 | Indexing attachment | TemporarySearchTestWebSearch.TopicWithWordAttachment | Simple_example.doc
| 2009/09/24 17:29:29 | Indexing topic | TemporarySearchTestWebSearch.TopicWithoutAttachment
| 2009/09/24 17:29:29 | Indexing topic | TemporarySearchTestWebSearch.WebPreferences
| 2009/09/24 17:29:29 | TemporarySearchTestWebSearch .kinoupdate saved
| 2009/09/24 17:29:29 | Indexing web | TemporarySearchUsersWeb
| 2009/09/24 17:29:29 | Indexing topic | TemporarySearchUsersWeb.ScumBag
| 2009/09/24 17:29:30 | Indexing topic | TemporarySearchUsersWeb.UserTestUser
| 2009/09/24 17:29:30 | Indexing topic | TemporarySearchUsersWeb.WebPreferences
| 2009/09/24 17:29:30 | Indexing topic | TemporarySearchUsersWeb.WikiUsers
| 2009/09/24 17:29:30 | TemporarySearchUsersWeb .kinoupdate saved
| 2009/09/24 17:29:30 | Indexing finished
| 2009/09/24 17:29:30 | Indexing started
| 2009/09/24 17:29:30 | Skipping Main topics
| 2009/09/24 17:29:30 | Skipping Sandbox topics
| 2009/09/24 17:29:30 | Skipping System topics
| 2009/09/24 17:29:30 | Skipping TWiki topics
| 2009/09/24 17:29:30 | adding TemporarySearchTestWebSearch topics
| 2009/09/24 17:29:30 | adding TemporarySearchUsersWeb topics
| 2009/09/24 17:29:30 | Skipping TestCases topics
| 2009/09/24 17:29:30 | Skipping Trash topics
| 2009/09/24 17:29:30 | Skipping Main topics
| 2009/09/24 17:29:30 | Skipping Sandbox topics
| 2009/09/24 17:29:30 | Skipping System topics
| 2009/09/24 17:29:30 | Skipping TWiki topics
| 2009/09/24 17:29:30 | adding TemporarySearchTestWebSearch topics
| 2009/09/24 17:29:30 | adding TemporarySearchUsersWeb topics
| 2009/09/24 17:29:30 | Skipping TestCases topics
| 2009/09/24 17:29:30 | Skipping Trash topics
| 2009/09/24 17:29:30 | Indexing web | TemporarySearchTestWebSearch
| 2009/09/24 17:29:30 | Indexing topic | TemporarySearchTestWebSearch.TestTopicSearch
| 2009/09/24 17:29:30 | Indexing topic | TemporarySearchTestWebSearch.TopicWithWordAttachment
| 2009/09/24 17:29:30 | Attachments available for: TemporarySearchTestWebSearch, TopicWithWordAttachment
| 2009/09/24 17:29:30 | Indexing attachment | TemporarySearchTestWebSearch.TopicWithWordAttachment | Simple_example.doc
| 2009/09/24 17:29:31 | Indexing topic | TemporarySearchTestWebSearch.TopicWithoutAttachment
| 2009/09/24 17:29:31 | Indexing topic | TemporarySearchTestWebSearch.WebPreferences
| 2009/09/24 17:29:31 | TemporarySearchTestWebSearch .kinoupdate saved
| 2009/09/24 17:29:31 | Indexing web | TemporarySearchUsersWeb
| 2009/09/24 17:29:31 | Indexing topic | TemporarySearchUsersWeb.ScumBag
| 2009/09/24 17:29:31 | Indexing topic | TemporarySearchUsersWeb.UserTestUser
| 2009/09/24 17:29:31 | Indexing topic | TemporarySearchUsersWeb.WebPreferences
| 2009/09/24 17:29:31 | Indexing topic | TemporarySearchUsersWeb.WikiUsers
| 2009/09/24 17:29:31 | TemporarySearchUsersWeb .kinoupdate saved
| 2009/09/24 17:29:31 | Indexing finished
| 2009/09/24 17:29:31 | Indexing started
| 2009/09/24 17:29:31 | Skipping Main topics
| 2009/09/24 17:29:31 | Skipping Sandbox topics
| 2009/09/24 17:29:31 | Skipping System topics
| 2009/09/24 17:29:31 | Skipping TWiki topics
| 2009/09/24 17:29:31 | adding TemporarySearchTestWebSearch topics
| 2009/09/24 17:29:31 | adding TemporarySearchUsersWeb topics
| 2009/09/24 17:29:31 | Skipping TestCases topics
| 2009/09/24 17:29:31 | Skipping Trash topics
| 2009/09/24 17:29:31 | Skipping Main topics
| 2009/09/24 17:29:31 | Skipping Sandbox topics
| 2009/09/24 17:29:31 | Skipping System topics
| 2009/09/24 17:29:31 | Skipping TWiki topics
| 2009/09/24 17:29:31 | adding TemporarySearchTestWebSearch topics
| 2009/09/24 17:29:31 | adding TemporarySearchUsersWeb topics
| 2009/09/24 17:29:31 | Skipping TestCases topics
| 2009/09/24 17:29:31 | Skipping Trash topics
| 2009/09/24 17:29:31 | Indexing web | TemporarySearchTestWebSearch
| 2009/09/24 17:29:31 | Indexing topic | TemporarySearchTestWebSearch.TestTopicSearch
| 2009/09/24 17:29:31 | Indexing topic | TemporarySearchTestWebSearch.TopicTitleToSearch
| 2009/09/24 17:29:31 | Indexing topic | TemporarySearchTestWebSearch.TopicWithWordAttachment
| 2009/09/24 17:29:31 | Attachments available for: TemporarySearchTestWebSearch, TopicWithWordAttachment
| 2009/09/24 17:29:31 | Indexing attachment | TemporarySearchTestWebSearch.TopicWithWordAttachment | Simple_example.doc
| 2009/09/24 17:29:31 | Indexing topic | TemporarySearchTestWebSearch.TopicWithoutAttachment
| 2009/09/24 17:29:31 | Indexing topic | TemporarySearchTestWebSearch.WebPreferences
| 2009/09/24 17:29:31 | TemporarySearchTestWebSearch .kinoupdate saved
| 2009/09/24 17:29:31 | Indexing web | TemporarySearchUsersWeb
| 2009/09/24 17:29:31 | Indexing topic | TemporarySearchUsersWeb.ScumBag
| 2009/09/24 17:29:31 | Indexing topic | TemporarySearchUsersWeb.UserTestUser
| 2009/09/24 17:29:31 | Indexing topic | TemporarySearchUsersWeb.WebPreferences
| 2009/09/24 17:29:31 | Indexing topic | TemporarySearchUsersWeb.WikiUsers
| 2009/09/24 17:29:31 | TemporarySearchUsersWeb .kinoupdate saved
| 2009/09/24 17:29:31 | Indexing finished
| 2009/09/24 17:29:31 | Indexing started
| 2009/09/24 17:29:31 | Skipping Main topics
| 2009/09/24 17:29:31 | Skipping Sandbox topics
| 2009/09/24 17:29:31 | Skipping System topics
| 2009/09/24 17:29:31 | Skipping TWiki topics
| 2009/09/24 17:29:31 | adding TemporarySearchTestWebSearch topics
| 2009/09/24 17:29:31 | adding TemporarySearchUsersWeb topics
| 2009/09/24 17:29:31 | Skipping TestCases topics
| 2009/09/24 17:29:31 | Skipping Trash topics
| 2009/09/24 17:29:31 | Skipping Main topics
| 2009/09/24 17:29:31 | Skipping Sandbox topics
| 2009/09/24 17:29:31 | Skipping System topics
| 2009/09/24 17:29:31 | Skipping TWiki topics
| 2009/09/24 17:29:31 | adding TemporarySearchTestWebSearch topics
| 2009/09/24 17:29:31 | adding TemporarySearchUsersWeb topics
| 2009/09/24 17:29:31 | Skipping TestCases topics
| 2009/09/24 17:29:31 | Skipping Trash topics
| 2009/09/24 17:29:31 | Indexing web | TemporarySearchTestWebSearch
| 2009/09/24 17:29:31 | Indexing topic | TemporarySearchTestWebSearch.TestTopicSearch
| 2009/09/24 17:29:31 | Indexing topic | TemporarySearchTestWebSearch.TopicWithAccesControl
| 2009/09/24 17:29:31 | Indexing topic | TemporarySearchTestWebSearch.TopicWithWordAttachment
| 2009/09/24 17:29:31 | Attachments available for: TemporarySearchTestWebSearch, TopicWithWordAttachment
| 2009/09/24 17:29:31 | Indexing attachment | TemporarySearchTestWebSearch.TopicWithWordAttachment | Simple_example.doc
| 2009/09/24 17:29:31 | Indexing topic | TemporarySearchTestWebSearch.TopicWithoutAttachment
| 2009/09/24 17:29:31 | Indexing topic | TemporarySearchTestWebSearch.WebPreferences
| 2009/09/24 17:29:31 | TemporarySearchTestWebSearch .kinoupdate saved
| 2009/09/24 17:29:31 | Indexing web | TemporarySearchUsersWeb
| 2009/09/24 17:29:31 | Indexing topic | TemporarySearchUsersWeb.ScumBag
| 2009/09/24 17:29:31 | Indexing topic | TemporarySearchUsersWeb.UserTestUser
| 2009/09/24 17:29:31 | Indexing topic | TemporarySearchUsersWeb.UserTestUser2
| 2009/09/24 17:29:31 | Indexing topic | TemporarySearchUsersWeb.WebPreferences
| 2009/09/24 17:29:32 | Indexing topic | TemporarySearchUsersWeb.WikiUsers
| 2009/09/24 17:29:32 | TemporarySearchUsersWeb .kinoupdate saved
| 2009/09/24 17:29:32 | Indexing finished
| 2009/09/24 17:29:32 | Indexing started
| 2009/09/24 17:29:32 | Skipping Main topics
| 2009/09/24 17:29:32 | Skipping Sandbox topics
| 2009/09/24 17:29:32 | Skipping System topics
| 2009/09/24 17:29:32 | Skipping TWiki topics
| 2009/09/24 17:29:32 | adding TemporarySearchTestWebSearch topics
| 2009/09/24 17:29:32 | adding TemporarySearchUsersWeb topics
| 2009/09/24 17:29:32 | Skipping TestCases topics
| 2009/09/24 17:29:32 | Skipping Trash topics
| 2009/09/24 17:29:32 | Skipping Main topics
| 2009/09/24 17:29:32 | Skipping Sandbox topics
| 2009/09/24 17:29:32 | Skipping System topics
| 2009/09/24 17:29:32 | Skipping TWiki topics
| 2009/09/24 17:29:32 | adding TemporarySearchTestWebSearch topics
| 2009/09/24 17:29:32 | adding TemporarySearchUsersWeb topics
| 2009/09/24 17:29:32 | Skipping TestCases topics
| 2009/09/24 17:29:32 | Skipping Trash topics
| 2009/09/24 17:29:32 | Indexing web | TemporarySearchTestWebSearch
| 2009/09/24 17:29:32 | Indexing topic | TemporarySearchTestWebSearch.TestTopicSearch
| 2009/09/24 17:29:32 | Indexing topic | TemporarySearchTestWebSearch.TopicTitleToSearch
| 2009/09/24 17:29:32 | Indexing topic | TemporarySearchTestWebSearch.TopicWithWordAttachment
| 2009/09/24 17:29:32 | Attachments available for: TemporarySearchTestWebSearch, TopicWithWordAttachment
| 2009/09/24 17:29:32 | Indexing attachment | TemporarySearchTestWebSearch.TopicWithWordAttachment | Simple_example.doc
| 2009/09/24 17:29:32 | Indexing topic | TemporarySearchTestWebSearch.TopicWithoutAttachment
| 2009/09/24 17:29:32 | Indexing topic | TemporarySearchTestWebSearch.WebPreferences
| 2009/09/24 17:29:32 | TemporarySearchTestWebSearch .kinoupdate saved
| 2009/09/24 17:29:32 | Indexing web | TemporarySearchUsersWeb
| 2009/09/24 17:29:32 | Indexing topic | TemporarySearchUsersWeb.ScumBag
| 2009/09/24 17:29:32 | Indexing topic | TemporarySearchUsersWeb.UserTestUser
| 2009/09/24 17:29:32 | Indexing topic | TemporarySearchUsersWeb.WebPreferences
| 2009/09/24 17:29:32 | Indexing topic | TemporarySearchUsersWeb.WikiUsers
| 2009/09/24 17:29:32 | TemporarySearchUsersWeb .kinoupdate saved
| 2009/09/24 17:29:33 | Indexing finished
