| 2009/09/24 17:29:25 | Indexing started
| 2009/09/24 17:29:25 | Skipping Main topics
| 2009/09/24 17:29:25 | Skipping Sandbox topics
| 2009/09/24 17:29:25 | Skipping System topics
| 2009/09/24 17:29:25 | Skipping TWiki topics
| 2009/09/24 17:29:25 | adding TemporaryIndexTestWebIndex topics
| 2009/09/24 17:29:25 | adding TemporaryIndexUsersWeb topics
| 2009/09/24 17:29:25 | Skipping TestCases topics
| 2009/09/24 17:29:25 | Skipping Trash topics
| 2009/09/24 17:29:25 | Skipping Main topics
| 2009/09/24 17:29:25 | Skipping Sandbox topics
| 2009/09/24 17:29:25 | Skipping System topics
| 2009/09/24 17:29:25 | Skipping TWiki topics
| 2009/09/24 17:29:25 | adding TemporaryIndexTestWebIndex topics
| 2009/09/24 17:29:25 | adding TemporaryIndexUsersWeb topics
| 2009/09/24 17:29:25 | Skipping TestCases topics
| 2009/09/24 17:29:25 | Skipping Trash topics
| 2009/09/24 17:29:25 | Indexing web | TemporaryIndexTestWebIndex
| 2009/09/24 17:29:25 | Indexing topic | TemporaryIndexTestWebIndex.TestTopicIndex
| 2009/09/24 17:29:25 | Indexing topic | TemporaryIndexTestWebIndex.WebPreferences
| 2009/09/24 17:29:25 | TemporaryIndexTestWebIndex .kinoupdate saved
| 2009/09/24 17:29:25 | Indexing web | TemporaryIndexUsersWeb
| 2009/09/24 17:29:25 | Indexing topic | TemporaryIndexUsersWeb.ScumBag
| 2009/09/24 17:29:25 | Indexing topic | TemporaryIndexUsersWeb.WebPreferences
| 2009/09/24 17:29:25 | Indexing topic | TemporaryIndexUsersWeb.WikiUsers
| 2009/09/24 17:29:25 | TemporaryIndexUsersWeb .kinoupdate saved
| 2009/09/24 17:29:25 | Indexing finished
| 2009/09/24 17:29:25 | Update started
| 2009/09/24 17:29:26 | Updating index finished
| 2009/09/24 17:29:26 | Update started
| 2009/09/24 17:29:26 | Updating index finished
| 2009/09/24 17:29:26 | Update started
| 2009/09/24 17:29:26 | Updating index finished
